2024-03-05 15:02:30,318 - ERROR - Configuration file not found.
2024-03-05 15:02:30,318 - INFO - Directory reader initialized with folder_path: 
2024-03-05 15:02:30,318 - ERROR - An error occurred while listing files: [WinError 3] The system cannot find the path specified: ''
2024-03-05 15:07:24,745 - INFO - Directory reader initialized with folder_path: C:\Users\Nikita\Downloads\mp4samples
2024-03-05 15:07:32,428 - WARNING - Warning: Duplicate number detected for 65. Ignoring files: 20240305_S_000007_065.mp4, 20240305_S_000008_065.mp4
2024-03-05 15:07:32,428 - WARNING - Warning: Duplicate number detected for 6. Ignoring files: 20240305_S_000014_006.mp4, 20240305_S_000017_006.mp4
2024-03-05 15:07:32,429 - WARNING - Warning: Duplicate number detected for 15. Ignoring files: 20240305_S_000015_015.mp4, 20240305_S_000018_015.mp4
2024-03-05 15:07:32,429 - WARNING - Warning: Duplicate number detected for 30. Ignoring files: 20240305_S_000001_030.mp4, 20240305_S_000020_030.mp4
2024-03-05 15:07:32,429 - WARNING - Warning: Duplicate number detected for 14. Ignoring files: 20240305_S_000012_014.mp4, 20240305_S_000021_014.mp4
2024-03-05 15:07:32,429 - WARNING - Warning: Duplicate number detected for 31. Ignoring files: 20240305_S_000015_031.mp4, 20240305_S_000023_031.mp4
2024-03-05 15:07:32,429 - WARNING - Warning: Duplicate number detected for 31. Ignoring files: 20240305_S_000015_031.mp4, 20240305_S_000024_031.mp4
2024-03-05 15:07:32,429 - WARNING - Warning: Duplicate number detected for 31. Ignoring files: 20240305_S_000015_031.mp4, 20240305_S_000025_031.mp4
2024-03-05 15:07:32,430 - INFO - [91mMissing numbers detected: 2, 3, 4, 5, 8, 9, 10, 11, 12, 13, 14, 17, 18, 19, 20, 21, 22, 23, 24, 25, 26, 27, 29, 30, 33, 34, 35, 36, 37, 38, 39, 40, 41, 42, 43, 44, 45, 46, 47, 48, 49, 50, 51, 52, 53, 54, 55, 56, 57, 58, 59, 60, 61, 62, 64, 65, 68, 69, 71, 72, 73, 74, 75, 76, 77, 78, 79, 80, 81, 82, 83, 84, 85, 86, 87, 88, 89, 90, 91, 92, 93, 94, 95, 96, 97, 98, 99, 100, 101, 102, 103, 104, 105, 106, 107, 108, 109, 110, 111, 112, 113, 114, 115, 116, 117, 118, 119, 120, 121, 122, 123, 124, 125, 126, 127, 130, 131, 132, 133, 134, 135, 136, 137, 138, 139, 140, 141, 142, 143, 144, 145, 146, 147, 148, 149, 150, 151, 152, 153, 154, 155, 156, 157, 158, 159, 160, 161, 162, 163, 164, 165, 166, 167, 168, 169, 170, 171, 173, 174, 175, 176, 177, 178, 179, 180, 181, 182, 183.[0m
2024-03-05 15:07:32,430 - INFO - Proposed file renames (excluding duplicates):
2024-03-05 15:07:32,430 - INFO - 20240305_S_000002_128.mp4 -> 20240305_S_000013_128.mp4
2024-03-05 15:07:32,430 - INFO - 20240305_S_000003_184.mp4 -> 20240305_S_000016_184.mp4
2024-03-05 15:07:32,430 - INFO - 20240305_S_000009_066.mp4 -> 20240305_S_000010_066.mp4
2024-03-05 15:07:41,915 - INFO - File renaming cancelled.
2024-03-05 15:09:54,880 - INFO - Directory reader initialized with folder_path: C:\Users\Nikita\Downloads\mp4samples
2024-03-05 15:10:02,496 - INFO - Proposed file renames (excluding duplicates):
2024-03-05 15:10:02,496 - INFO - clip_1.mp4 -> 20240305_S_000001_030.mp4
2024-03-05 15:10:02,496 - INFO - clip_10.mp4 -> 20240305_S_000010_069.mp4
2024-03-05 15:10:02,497 - INFO - clip_11.mp4 -> 20240305_S_000011_014.mp4
2024-03-05 15:10:02,497 - INFO - clip_12.mp4 -> 20240305_S_000012_183.mp4
2024-03-05 15:10:02,497 - INFO - clip_13.mp4 -> 20240305_S_000013_006.mp4
2024-03-05 15:10:02,497 - INFO - clip_14.mp4 -> 20240305_S_000014_015.mp4
2024-03-05 15:10:02,497 - INFO - clip_15.mp4 -> 20240305_S_000015_031.mp4
2024-03-05 15:10:02,497 - INFO - clip_16.mp4 -> 20240305_S_000016_006.mp4
2024-03-05 15:10:02,498 - INFO - clip_17.mp4 -> 20240305_S_000017_015.mp4
2024-03-05 15:10:02,498 - INFO - clip_18.mp4 -> 20240305_S_000018_062.mp4
2024-03-05 15:10:02,498 - INFO - clip_19.mp4 -> 20240305_S_000019_030.mp4
2024-03-05 15:10:02,498 - INFO - clip_2.mp4 -> 20240305_S_000002_128.mp4
2024-03-05 15:10:02,498 - INFO - clip_20.mp4 -> 20240305_S_000020_014.mp4
2024-03-05 15:10:02,499 - INFO - clip_21.mp4 -> 20240305_S_000021_005.mp4
2024-03-05 15:10:02,499 - INFO - clip_22.mp4 -> 20240305_S_000022_031.mp4
2024-03-05 15:10:02,499 - INFO - clip_23.mp4 -> 20240305_S_000023_031.mp4
2024-03-05 15:10:02,500 - INFO - clip_24.mp4 -> 20240305_S_000024_031.mp4
2024-03-05 15:10:02,500 - INFO - clip_3.mp4 -> 20240305_S_000003_184.mp4
2024-03-05 15:10:02,500 - INFO - clip_4.mp4 -> 20240305_S_000004_171.mp4
2024-03-05 15:10:02,500 - INFO - clip_5.mp4 -> 20240305_S_000005_127.mp4
2024-03-05 15:10:02,500 - INFO - clip_6.mp4 -> 20240305_S_000006_065.mp4
2024-03-05 15:10:02,501 - INFO - clip_7.mp4 -> 20240305_S_000007_065.mp4
2024-03-05 15:10:02,501 - INFO - clip_8.mp4 -> 20240305_S_000008_066.mp4
2024-03-05 15:10:02,501 - INFO - clip_9.mp4 -> 20240305_S_000009_027.mp4
2024-03-05 15:10:39,647 - INFO - Directory reader initialized with folder_path: C:\Users\Nikita\Downloads\mp4samples
2024-03-05 15:10:47,441 - INFO - Proposed file renames (excluding duplicates):
2024-03-05 15:10:47,441 - INFO - clip_0.mp4 -> 20240305_S_000000_031.mp4
2024-03-05 15:10:47,441 - INFO - clip_1.mp4 -> 20240305_S_000001_030.mp4
2024-03-05 15:10:47,441 - INFO - clip_10.mp4 -> 20240305_S_000010_069.mp4
2024-03-05 15:10:47,442 - INFO - clip_11.mp4 -> 20240305_S_000011_014.mp4
2024-03-05 15:10:47,442 - INFO - clip_12.mp4 -> 20240305_S_000012_183.mp4
2024-03-05 15:10:47,442 - INFO - clip_13.mp4 -> 20240305_S_000013_006.mp4
2024-03-05 15:10:47,442 - INFO - clip_14.mp4 -> 20240305_S_000014_015.mp4
2024-03-05 15:10:47,442 - INFO - clip_15.mp4 -> 20240305_S_000015_031.mp4
2024-03-05 15:10:47,442 - INFO - clip_16.mp4 -> 20240305_S_000016_006.mp4
2024-03-05 15:10:47,442 - INFO - clip_17.mp4 -> 20240305_S_000017_015.mp4
2024-03-05 15:10:47,442 - INFO - clip_18.mp4 -> 20240305_S_000018_062.mp4
2024-03-05 15:10:47,442 - INFO - clip_19.mp4 -> 20240305_S_000019_030.mp4
2024-03-05 15:10:47,442 - INFO - clip_2.mp4 -> 20240305_S_000002_128.mp4
2024-03-05 15:10:47,442 - INFO - clip_20.mp4 -> 20240305_S_000020_014.mp4
2024-03-05 15:10:47,442 - INFO - clip_21.mp4 -> 20240305_S_000021_005.mp4
2024-03-05 15:10:47,442 - INFO - clip_22.mp4 -> 20240305_S_000022_031.mp4
2024-03-05 15:10:47,443 - INFO - clip_23.mp4 -> 20240305_S_000023_031.mp4
2024-03-05 15:10:47,443 - INFO - clip_24.mp4 -> 20240305_S_000024_031.mp4
2024-03-05 15:10:47,443 - INFO - clip_3.mp4 -> 20240305_S_000003_184.mp4
2024-03-05 15:10:47,443 - INFO - clip_4.mp4 -> 20240305_S_000004_171.mp4
2024-03-05 15:10:47,443 - INFO - clip_5.mp4 -> 20240305_S_000005_127.mp4
2024-03-05 15:10:47,443 - INFO - clip_6.mp4 -> 20240305_S_000006_065.mp4
2024-03-05 15:10:47,443 - INFO - clip_7.mp4 -> 20240305_S_000007_065.mp4
2024-03-05 15:10:47,443 - INFO - clip_8.mp4 -> 20240305_S_000008_066.mp4
2024-03-05 15:10:47,443 - INFO - clip_9.mp4 -> 20240305_S_000009_027.mp4
2024-03-05 15:13:31,169 - INFO - Directory reader initialized with folder_path: C:\Users\Nikita\Downloads\mp4samples
2024-03-05 15:13:38,601 - INFO - Proposed file renames (excluding duplicates):
2024-03-05 15:13:38,601 - INFO - clip_0.mp4 -> 20240305_S_000001_031.mp4
2024-03-05 15:13:38,602 - INFO - clip_1.mp4 -> 20240305_S_000002_030.mp4
2024-03-05 15:13:38,602 - INFO - clip_10.mp4 -> 20240305_S_000003_069.mp4
2024-03-05 15:13:38,602 - INFO - clip_11.mp4 -> 20240305_S_000004_014.mp4
2024-03-05 15:13:38,602 - INFO - clip_12.mp4 -> 20240305_S_000005_183.mp4
2024-03-05 15:13:38,602 - INFO - clip_13.mp4 -> 20240305_S_000006_006.mp4
2024-03-05 15:13:38,602 - INFO - clip_14.mp4 -> 20240305_S_000007_015.mp4
2024-03-05 15:13:38,602 - INFO - clip_15.mp4 -> 20240305_S_000008_031.mp4
2024-03-05 15:13:38,602 - INFO - clip_16.mp4 -> 20240305_S_000009_006.mp4
2024-03-05 15:13:38,602 - INFO - clip_17.mp4 -> 20240305_S_000010_015.mp4
2024-03-05 15:13:38,602 - INFO - clip_18.mp4 -> 20240305_S_000011_062.mp4
2024-03-05 15:13:38,602 - INFO - clip_19.mp4 -> 20240305_S_000012_030.mp4
2024-03-05 15:13:38,602 - INFO - clip_2.mp4 -> 20240305_S_000013_128.mp4
2024-03-05 15:13:38,602 - INFO - clip_20.mp4 -> 20240305_S_000014_014.mp4
2024-03-05 15:13:38,602 - INFO - clip_21.mp4 -> 20240305_S_000015_005.mp4
2024-03-05 15:13:38,602 - INFO - clip_22.mp4 -> 20240305_S_000016_031.mp4
2024-03-05 15:13:38,603 - INFO - clip_23.mp4 -> 20240305_S_000017_031.mp4
2024-03-05 15:13:38,603 - INFO - clip_24.mp4 -> 20240305_S_000018_031.mp4
2024-03-05 15:13:38,603 - INFO - clip_3.mp4 -> 20240305_S_000019_184.mp4
2024-03-05 15:13:38,603 - INFO - clip_4.mp4 -> 20240305_S_000020_171.mp4
2024-03-05 15:13:38,603 - INFO - clip_5.mp4 -> 20240305_S_000021_127.mp4
2024-03-05 15:13:38,603 - INFO - clip_6.mp4 -> 20240305_S_000022_065.mp4
2024-03-05 15:13:38,603 - INFO - clip_7.mp4 -> 20240305_S_000023_065.mp4
2024-03-05 15:13:38,603 - INFO - clip_8.mp4 -> 20240305_S_000024_066.mp4
2024-03-05 15:13:38,603 - INFO - clip_9.mp4 -> 20240305_S_000025_027.mp4
